<?xml version="1.0" encoding="UTF-8"?>
<testsuite name="myapp.rate.repository.BoardRepositoryImplTest" tests="1" skipped="0" failures="0" errors="0" timestamp="2024-03-12T05:07:35" hostname="sinhuijin-ui-MacBookAir.local" time="0.237">
  <properties/>
  <testcase name="getMapComment()" classname="myapp.rate.repository.BoardRepositoryImplTest" time="0.237"/>
  <system-out><![CDATA[2024-03-12T14:07:35.709+09:00  INFO 62700 --- [    Test worker] t.c.s.AnnotationConfigContextLoaderUtils : Could not detect default configuration classes for test class [myapp.rate.repository.BoardRepositoryImplTest]: BoardRepositoryImplTest does not declare any static, non-private, non-final, nested classes annotated with @Configuration.
2024-03-12T14:07:35.713+09:00  INFO 62700 --- [    Test worker] .b.t.c.SpringBootTestContextBootstrapper : Found @SpringBootConfiguration myapp.rate.RateApplication for test class myapp.rate.repository.BoardRepositoryImplTest
2024-03-12T14:07:35.717+09:00 DEBUG 62700 --- [    Test worker] o.s.jdbc.core.JdbcTemplate               : Executing SQL query [select w.idx, user_nickname, map_latitude, map_longitude, comment from rate_map_write w inner join rate_member m on w.user_id = m.user_id]
2024-03-12T14:07:35.718+09:00  INFO 62700 --- [    Test worker] com.zaxxer.hikari.HikariDataSource       : HikariPool-1 - Starting...
2024-03-12T14:07:35.930+09:00  INFO 62700 --- [    Test worker] com.zaxxer.hikari.pool.HikariPool        : HikariPool-1 - Added connection com.mysql.cj.jdbc.ConnectionImpl@631678e6
2024-03-12T14:07:35.930+09:00  INFO 62700 --- [    Test worker] com.zaxxer.hikari.HikariDataSource       : HikariPool-1 - Start completed.
mapContent = myapp.rate.domain.MapContent@52c6e959
mapContent = myapp.rate.domain.MapContent@4b475742
mapContent = myapp.rate.domain.MapContent@323c6f9c
mapContent = myapp.rate.domain.MapContent@dbca149
mapContent = myapp.rate.domain.MapContent@68550d86
mapContent = myapp.rate.domain.MapContent@19d9ba89
mapContent = myapp.rate.domain.MapContent@484876a1
mapContent = myapp.rate.domain.MapContent@20163008
]]></system-out>
  <system-err><![CDATA[]]></system-err>
</testsuite>
