<?xml version="1.0" encoding="UTF-8"?>
<testsuite name="myapp.rate.repository.MemberRepositoryImplTest" tests="1" skipped="0" failures="0" errors="0" timestamp="2024-03-04T03:02:13" hostname="sinhuijin-ui-MacBookAir.local" time="0.562">
  <properties/>
  <testcase name="아이디로 멤버 찾" classname="myapp.rate.repository.MemberRepositoryImplTest" time="0.562"/>
  <system-out><![CDATA[12:02:12.572 [Test worker] INFO org.springframework.test.context.support.AnnotationConfigContextLoaderUtils -- Could not detect default configuration classes for test class [myapp.rate.repository.MemberRepositoryImplTest]: MemberRepositoryImplTest does not declare any static, non-private, non-final, nested classes annotated with @Configuration.
12:02:12.609 [Test worker] INFO org.springframework.boot.test.context.SpringBootTestContextBootstrapper -- Found @SpringBootConfiguration myapp.rate.RateApplication for test class myapp.rate.repository.MemberRepositoryImplTest

  .   ____          _            __ _ _
 /\\ / ___'_ __ _ _(_)_ __  __ _ \ \ \ \
( ( )\___ | '_ | '_| | '_ \/ _` | \ \ \ \
 \\/  ___)| |_)| | | | | || (_| |  ) ) ) )
  '  |____| .__|_| |_|_| |_\__, | / / / /
 =========|_|==============|___/=/_/_/_/
 :: Spring Boot ::                (v3.2.3)

2024-03-04T12:02:12.740+09:00  INFO 21391 --- [    Test worker] m.r.repository.MemberRepositoryImplTest  : Starting MemberRepositoryImplTest using Java 17.0.9 with PID 21391 (started by hjshin in /Users/hjshin/Documents/GitHub/rate)
2024-03-04T12:02:12.741+09:00  INFO 21391 --- [    Test worker] m.r.repository.MemberRepositoryImplTest  : No active profile set, falling back to 1 default profile: "default"
2024-03-04T12:02:13.147+09:00  INFO 21391 --- [    Test worker] o.s.b.a.w.s.WelcomePageHandlerMapping    : Adding welcome page template: index
2024-03-04T12:02:13.273+09:00  INFO 21391 --- [    Test worker] m.r.repository.MemberRepositoryImplTest  : Started MemberRepositoryImplTest in 0.614 seconds (process running for 1.015)
2024-03-04T12:02:13.622+09:00  INFO 21391 --- [    Test worker] com.zaxxer.hikari.HikariDataSource       : HikariPool-1 - Starting...
2024-03-04T12:02:13.815+09:00  INFO 21391 --- [    Test worker] com.zaxxer.hikari.pool.HikariPool        : HikariPool-1 - Added connection com.mysql.cj.jdbc.ConnectionImpl@26d8908e
2024-03-04T12:02:13.815+09:00  INFO 21391 --- [    Test worker] com.zaxxer.hikari.HikariDataSource       : HikariPool-1 - Start completed.
test = Optional[Member(userId=shj6282, userPw=werwinner1, userNickname=히지누, userName=신희진)]
]]></system-out>
  <system-err><![CDATA[]]></system-err>
</testsuite>
