<?xml version="1.0" encoding="UTF-8"?>
<testsuite name="myapp.rate.repository.RateRepositoryImplTest" tests="1" skipped="0" failures="0" errors="0" timestamp="2024-02-26T05:12:26" hostname="sinhuijin-ui-MacBookAir.local" time="0.579">
  <properties/>
  <testcase name="아이디 중복체크" classname="myapp.rate.repository.RateRepositoryImplTest" time="0.579"/>
  <system-out><![CDATA[14:12:25.786 [Test worker] INFO org.springframework.test.context.support.AnnotationConfigContextLoaderUtils -- Could not detect default configuration classes for test class [myapp.rate.repository.RateRepositoryImplTest]: RateRepositoryImplTest does not declare any static, non-private, non-final, nested classes annotated with @Configuration.
14:12:25.819 [Test worker] INFO org.springframework.boot.test.context.SpringBootTestContextBootstrapper -- Found @SpringBootConfiguration myapp.rate.RateApplication for test class myapp.rate.repository.RateRepositoryImplTest

  .   ____          _            __ _ _
 /\\ / ___'_ __ _ _(_)_ __  __ _ \ \ \ \
( ( )\___ | '_ | '_| | '_ \/ _` | \ \ \ \
 \\/  ___)| |_)| | | | | || (_| |  ) ) ) )
  '  |____| .__|_| |_|_| |_\__, | / / / /
 =========|_|==============|___/=/_/_/_/
 :: Spring Boot ::                (v3.2.3)

2024-02-26T14:12:25.938+09:00  INFO 3280 --- [    Test worker] m.r.repository.RateRepositoryImplTest    : Starting RateRepositoryImplTest using Java 17.0.9 with PID 3280 (started by hjshin in /Users/hjshin/Documents/GitHub/rate)
2024-02-26T14:12:25.939+09:00  INFO 3280 --- [    Test worker] m.r.repository.RateRepositoryImplTest    : No active profile set, falling back to 1 default profile: "default"
2024-02-26T14:12:26.298+09:00  INFO 3280 --- [    Test worker] o.s.b.a.w.s.WelcomePageHandlerMapping    : Adding welcome page template: index
2024-02-26T14:12:26.418+09:00  INFO 3280 --- [    Test worker] m.r.repository.RateRepositoryImplTest    : Started RateRepositoryImplTest in 0.554 seconds (process running for 0.935)
2024-02-26T14:12:26.766+09:00  INFO 3280 --- [    Test worker] com.zaxxer.hikari.HikariDataSource       : HikariPool-1 - Starting...
2024-02-26T14:12:26.957+09:00  INFO 3280 --- [    Test worker] com.zaxxer.hikari.pool.HikariPool        : HikariPool-1 - Added connection com.mysql.cj.jdbc.ConnectionImpl@68c4db77
2024-02-26T14:12:26.958+09:00  INFO 3280 --- [    Test worker] com.zaxxer.hikari.HikariDataSource       : HikariPool-1 - Start completed.
]]></system-out>
  <system-err><![CDATA[]]></system-err>
</testsuite>
