<?xml version="1.0" encoding="UTF-8"?>
<testsuite name="myapp.rate.service.BoardServiceImplTest" tests="1" skipped="0" failures="0" errors="0" timestamp="2024-03-05T07:32:42" hostname="sinhuijin-ui-MacBookAir.local" time="0.538">
  <properties/>
  <testcase name="주소검색" classname="myapp.rate.service.BoardServiceImplTest" time="0.538"/>
  <system-out><![CDATA[16:32:41.522 [Test worker] INFO org.springframework.test.context.support.AnnotationConfigContextLoaderUtils -- Could not detect default configuration classes for test class [myapp.rate.service.BoardServiceImplTest]: BoardServiceImplTest does not declare any static, non-private, non-final, nested classes annotated with @Configuration.
16:32:41.562 [Test worker] INFO org.springframework.boot.test.context.SpringBootTestContextBootstrapper -- Found @SpringBootConfiguration myapp.rate.RateApplication for test class myapp.rate.service.BoardServiceImplTest

  .   ____          _            __ _ _
 /\\ / ___'_ __ _ _(_)_ __  __ _ \ \ \ \
( ( )\___ | '_ | '_| | '_ \/ _` | \ \ \ \
 \\/  ___)| |_)| | | | | || (_| |  ) ) ) )
  '  |____| .__|_| |_|_| |_\__, | / / / /
 =========|_|==============|___/=/_/_/_/
 :: Spring Boot ::                (v3.2.3)

2024-03-05T16:32:41.690+09:00  INFO 29072 --- [    Test worker] m.rate.service.BoardServiceImplTest      : Starting BoardServiceImplTest using Java 17.0.9 with PID 29072 (started by hjshin in /Users/hjshin/Documents/GitHub/rate)
2024-03-05T16:32:41.691+09:00  INFO 29072 --- [    Test worker] m.rate.service.BoardServiceImplTest      : No active profile set, falling back to 1 default profile: "default"
2024-03-05T16:32:42.174+09:00  INFO 29072 --- [    Test worker] o.s.b.a.w.s.WelcomePageHandlerMapping    : Adding welcome page template: index
2024-03-05T16:32:42.288+09:00  INFO 29072 --- [    Test worker] o.s.s.web.DefaultSecurityFilterChain     : Will secure any request with [org.springframework.security.web.session.DisableEncodeUrlFilter@49671897, org.springframework.security.web.context.request.async.WebAsyncManagerIntegrationFilter@168142da, org.springframework.security.web.context.SecurityContextHolderFilter@b2c4a8b, org.springframework.security.web.header.HeaderWriterFilter@6db328f8, org.springframework.web.filter.CorsFilter@60bf494c, org.springframework.security.web.authentication.logout.LogoutFilter@5df6163a, org.springframework.security.web.authentication.UsernamePasswordAuthenticationFilter@224c7de4, org.springframework.security.web.savedrequest.RequestCacheAwareFilter@43935e9c, org.springframework.security.web.servletapi.SecurityContextHolderAwareRequestFilter@101cf747, org.springframework.security.web.authentication.AnonymousAuthenticationFilter@47a4eee2, org.springframework.security.web.access.ExceptionTranslationFilter@1a531422, org.springframework.security.web.access.intercept.AuthorizationFilter@b5ac0c1]
2024-03-05T16:32:42.292+09:00  WARN 29072 --- [    Test worker] o.s.s.c.a.web.builders.WebSecurity       : You are asking Spring Security to ignore org.springframework.boot.autoconfigure.security.servlet.StaticResourceRequest$StaticResourceRequestMatcher@19827608. This is not recommended -- please use permitAll via HttpSecurity#authorizeHttpRequests instead.
2024-03-05T16:32:42.292+09:00  INFO 29072 --- [    Test worker] o.s.s.web.DefaultSecurityFilterChain     : Will not secure org.springframework.boot.autoconfigure.security.servlet.StaticResourceRequest$StaticResourceRequestMatcher@19827608
2024-03-05T16:32:42.465+09:00  INFO 29072 --- [    Test worker] m.rate.service.BoardServiceImplTest      : Started BoardServiceImplTest in 0.854 seconds (process running for 1.255)
cordinate.toString() = {latitude=37.5704687024445, longitude=127.071562106777}
]]></system-out>
  <system-err><![CDATA[]]></system-err>
</testsuite>
