<?xml version="1.0" encoding="UTF-8"?>
<testsuite name="myapp.rate.RateApplicationTests" tests="1" skipped="0" failures="0" errors="0" timestamp="2024-03-12T05:07:35" hostname="sinhuijin-ui-MacBookAir.local" time="0.373">
  <properties/>
  <testcase name="contextLoads()" classname="myapp.rate.RateApplicationTests" time="0.373"/>
  <system-out><![CDATA[14:07:34.276 [Test worker] INFO org.springframework.test.context.support.AnnotationConfigContextLoaderUtils -- Could not detect default configuration classes for test class [myapp.rate.RateApplicationTests]: RateApplicationTests does not declare any static, non-private, non-final, nested classes annotated with @Configuration.
14:07:34.329 [Test worker] INFO org.springframework.boot.test.context.SpringBootTestContextBootstrapper -- Found @SpringBootConfiguration myapp.rate.RateApplication for test class myapp.rate.RateApplicationTests

  .   ____          _            __ _ _
 /\\ / ___'_ __ _ _(_)_ __  __ _ \ \ \ \
( ( )\___ | '_ | '_| | '_ \/ _` | \ \ \ \
 \\/  ___)| |_)| | | | | || (_| |  ) ) ) )
  '  |____| .__|_| |_|_| |_\__, | / / / /
 =========|_|==============|___/=/_/_/_/
 :: Spring Boot ::                (v3.2.3)

2024-03-12T14:07:34.460+09:00  INFO 62700 --- [    Test worker] myapp.rate.RateApplicationTests          : Starting RateApplicationTests using Java 17.0.9 with PID 62700 (started by hjshin in /Users/hjshin/Documents/GitHub/rate)
2024-03-12T14:07:34.460+09:00  INFO 62700 --- [    Test worker] myapp.rate.RateApplicationTests          : No active profile set, falling back to 1 default profile: "default"
2024-03-12T14:07:34.950+09:00  INFO 62700 --- [    Test worker] o.s.b.a.w.s.WelcomePageHandlerMapping    : Adding welcome page template: index
2024-03-12T14:07:35.092+09:00  INFO 62700 --- [    Test worker] o.s.s.web.DefaultSecurityFilterChain     : Will secure any request with [org.springframework.security.web.session.DisableEncodeUrlFilter@3a11c0eb, org.springframework.security.web.context.request.async.WebAsyncManagerIntegrationFilter@3313d477, org.springframework.security.web.context.SecurityContextHolderFilter@28fc1132, org.springframework.security.web.header.HeaderWriterFilter@26c77f54, org.springframework.web.filter.CorsFilter@2c2c3947, org.springframework.security.web.authentication.logout.LogoutFilter@7a65c995, org.springframework.security.web.authentication.UsernamePasswordAuthenticationFilter@24a0c58b, org.springframework.security.web.savedrequest.RequestCacheAwareFilter@20440c6c, org.springframework.security.web.servletapi.SecurityContextHolderAwareRequestFilter@1e3f86d5, org.springframework.security.web.authentication.AnonymousAuthenticationFilter@4a62062a, org.springframework.security.web.access.ExceptionTranslationFilter@320be73, org.springframework.security.web.access.intercept.AuthorizationFilter@4d354a3e]
2024-03-12T14:07:35.096+09:00  WARN 62700 --- [    Test worker] o.s.s.c.a.web.builders.WebSecurity       : You are asking Spring Security to ignore org.springframework.boot.autoconfigure.security.servlet.StaticResourceRequest$StaticResourceRequestMatcher@52a7928a. This is not recommended -- please use permitAll via HttpSecurity#authorizeHttpRequests instead.
2024-03-12T14:07:35.097+09:00  INFO 62700 --- [    Test worker] o.s.s.web.DefaultSecurityFilterChain     : Will not secure org.springframework.boot.autoconfigure.security.servlet.StaticResourceRequest$StaticResourceRequestMatcher@52a7928a
2024-03-12T14:07:35.328+09:00  INFO 62700 --- [    Test worker] myapp.rate.RateApplicationTests          : Started RateApplicationTests in 0.948 seconds (process running for 1.381)
]]></system-out>
  <system-err><![CDATA[]]></system-err>
</testsuite>
